app/build/intermediates/manifest_merge_blame_file/debug/manifest-merger-blame-debug-report.txt
1<?xml version="1.0" encoding="utf-8"?>
2<manifest xmlns:android="http://schemas.android.com/apk/res/android"
3    package="br.com.navegacao"
4    android:versionCode="1"
5    android:versionName="1.0" >
6
7    <uses-sdk
8        android:minSdkVersion="14"
8-->src\main\AndroidManifest.xml
9        android:targetSdkVersion="29" />
9-->src\main\AndroidManifest.xml
10
11    <application
11-->src\main\AndroidManifest.xml:6:5-31:19
12        android:allowBackup="true"
12-->src\main\AndroidManifest.xml:7:9-35
13        android:appComponentFactory="androidx.core.app.CoreComponentFactory"
13-->[androidx.core:core:1.1.0] AndroidManifest.xml:24:18-86
14        android:debuggable="true"
15        android:icon="@drawable/ic_launcher_user"
15-->src\main\AndroidManifest.xml:8:9-50
16        android:label="@string/app_name"
16-->src\main\AndroidManifest.xml:9:9-41
17        android:supportsRtl="true"
17-->src\main\AndroidManifest.xml:10:9-35
18        android:testOnly="true"
19        android:theme="@style/AppTheme" >
19-->src\main\AndroidManifest.xml:11:9-40
20        <activity
20-->src\main\AndroidManifest.xml:14:9-18:20
21            android:name="br.com.navegacao.MainActivity"
21-->src\main\AndroidManifest.xml:15:13-41
22            android:label="@string/app_name"
22-->src\main\AndroidManifest.xml:16:13-45
23            android:theme="@style/AppTheme.NoActionBar" >
23-->src\main\AndroidManifest.xml:17:13-56
24        </activity>
25
26        <!-- LOGIN MAIN -->
27        <activity android:name="br.com.navegacao.Login" >
27-->src\main\AndroidManifest.xml:21:9-26:20
27-->src\main\AndroidManifest.xml:21:19-40
28            <intent-filter>
28-->src\main\AndroidManifest.xml:22:13-25:29
29                <action android:name="android.intent.action.MAIN" />
29-->src\main\AndroidManifest.xml:23:17-69
29-->src\main\AndroidManifest.xml:23:25-66
30
31                <category android:name="android.intent.category.LAUNCHER" />
31-->src\main\AndroidManifest.xml:24:17-77
31-->src\main\AndroidManifest.xml:24:27-74
32            </intent-filter>
33        </activity>
34        <activity android:name="br.com.navegacao.Cadastro" />
34-->src\main\AndroidManifest.xml:28:9-46
34-->src\main\AndroidManifest.xml:28:19-43
35        <activity android:name="br.com.navegacao.AddUsuario" />
35-->src\main\AndroidManifest.xml:29:9-48
35-->src\main\AndroidManifest.xml:29:19-45
36        <activity android:name="br.com.navegacao.AtualizarUsuario" />
36-->src\main\AndroidManifest.xml:30:9-54
36-->src\main\AndroidManifest.xml:30:19-51
37
38        <provider
38-->[androidx.lifecycle:lifecycle-process:2.2.0] AndroidManifest.xml:25:9-29:43
39            android:name="androidx.lifecycle.ProcessLifecycleOwnerInitializer"
39-->[androidx.lifecycle:lifecycle-process:2.2.0] AndroidManifest.xml:26:13-79
40            android:authorities="br.com.navegacao.lifecycle-process"
40-->[androidx.lifecycle:lifecycle-process:2.2.0] AndroidManifest.xml:27:13-69
41            android:exported="false"
41-->[androidx.lifecycle:lifecycle-process:2.2.0] AndroidManifest.xml:28:13-37
42            android:multiprocess="true" />
42-->[androidx.lifecycle:lifecycle-process:2.2.0] AndroidManifest.xml:29:13-40
43    </application>
44
45</manifest>